<?xml version="1.0" encoding="UTF-8"?>
<!-- Generated by org.testng.reporters.JUnitReportReporter -->
<testsuite hostname="Snehals-HP14S" failures="0" tests="3" name="practice_testNG.Parameter_Group" time="0.013" errors="0" timestamp="2024-10-15T18:33:20 IST" skipped="0">
  <testcase classname="practice_testNG.Parameter_Group" name="def" time="0.001"/>
  <system-out/>
  <testcase classname="practice_testNG.Parameter_Group" name="abc" time="0.010"/>
  <system-out/>
  <testcase classname="practice_testNG.Parameter_Group" name="xyz" time="0.002"/>
  <system-out/>
</testsuite> <!-- practice_testNG.Parameter_Group -->
