<?xml version="1.0" encoding="UTF-8"?>
<!-- Generated by org.testng.reporters.JUnitReportReporter -->
<testsuite hostname="Snehals-HP14S" failures="0" tests="6" name="practice_testNG.Class_02" time="0.015" errors="0" timestamp="2024-10-15T13:58:08 IST" skipped="0">
  <testcase classname="practice_testNG.Class_02" name="AccountType" time="0.002"/>
  <system-out/>
  <testcase classname="practice_testNG.Class_02" name="ContactDetails" time="0.003"/>
  <system-out/>
  <testcase classname="practice_testNG.Class_02" name="AccountDetails" time="0.004"/>
  <system-out/>
  <testcase classname="practice_testNG.Class_02" name="CIFNo" time="0.002"/>
  <system-out/>
  <testcase classname="practice_testNG.Class_02" name="CustomerName" time="0.002"/>
  <system-out/>
  <testcase classname="practice_testNG.Class_02" name="AccountNo" time="0.002"/>
  <system-out/>
</testsuite> <!-- practice_testNG.Class_02 -->
