<?xml version="1.0" encoding="UTF-8"?>
<!-- Generated by org.testng.reporters.JUnitReportReporter -->
<testsuite hostname="Snehals-HP14S" failures="0" tests="1" name="practice_testNG.Facebook" time="6.508" errors="0" timestamp="2024-10-15T15:46:16 IST" skipped="0">
  <testcase classname="practice_testNG.Facebook" name="loginTest" time="6.508"/>
  <system-out/>
</testsuite> <!-- practice_testNG.Facebook -->
