<?xml version="1.0" encoding="UTF-8"?>
<!-- Generated by org.testng.reporters.JUnitReportReporter -->
<testsuite hostname="Snehals-HP14S" failures="0" tests="7" name="practice_testNG.Parameter_InvocationCountAndDescription" time="0.033" errors="0" timestamp="2024-10-15T17:59:02 IST" skipped="0">
  <testcase classname="practice_testNG.Parameter_InvocationCountAndDescription" name="FirstName" time="0.007"/>
  <system-out/>
  <testcase classname="practice_testNG.Parameter_InvocationCountAndDescription" name="MiddleName" time="0.001"/>
  <system-out/>
  <testcase classname="practice_testNG.Parameter_InvocationCountAndDescription" name="CompleteName" time="0.004"/>
  <system-out/>
  <testcase classname="practice_testNG.Parameter_InvocationCountAndDescription" name="CompleteName" time="0.003"/>
  <system-out/>
  <testcase classname="practice_testNG.Parameter_InvocationCountAndDescription" name="CompleteName" time="0.012"/>
  <system-out/>
  <testcase classname="practice_testNG.Parameter_InvocationCountAndDescription" name="FirstName" time="0.004"/>
  <system-out/>
  <testcase classname="practice_testNG.Parameter_InvocationCountAndDescription" name="LastName" time="0.002"/>
  <system-out/>
</testsuite> <!-- practice_testNG.Parameter_InvocationCountAndDescription -->
