<?xml version="1.0" encoding="UTF-8"?>
<!-- Generated by org.testng.reporters.JUnitReportReporter -->
<testsuite hostname="Snehals-HP14S" failures="0" tests="1" name="practice_testNG.Railyatri" time="5.204" errors="0" timestamp="2024-10-15T14:47:46 IST" skipped="0">
  <testcase classname="practice_testNG.Railyatri" name="loginTest" time="5.204"/>
  <system-out/>
</testsuite> <!-- practice_testNG.Railyatri -->
