<?xml version="1.0" encoding="UTF-8"?>
<!-- Generated by org.testng.reporters.JUnitReportReporter -->
<testsuite hostname="Snehals-HP14S" failures="0" tests="7" name="practice_testNG.Annotation_Parameter_Priority" time="0.022" errors="0" timestamp="2024-10-15T17:21:55 IST" skipped="0">
  <testcase classname="practice_testNG.Annotation_Parameter_Priority" name="def" time="0.012"/>
  <system-out/>
  <testcase classname="practice_testNG.Annotation_Parameter_Priority" name="pqr" time="0.003"/>
  <system-out/>
  <testcase classname="practice_testNG.Annotation_Parameter_Priority" name="lmn" time="0.002"/>
  <system-out/>
  <testcase classname="practice_testNG.Annotation_Parameter_Priority" name="ghi" time="0.001"/>
  <system-out/>
  <testcase classname="practice_testNG.Annotation_Parameter_Priority" name="abc" time="0.001"/>
  <system-out/>
  <testcase classname="practice_testNG.Annotation_Parameter_Priority" name="jkl" time="0.001"/>
  <system-out/>
  <testcase classname="practice_testNG.Annotation_Parameter_Priority" name="xyz" time="0.002"/>
  <system-out/>
</testsuite> <!-- practice_testNG.Annotation_Parameter_Priority -->
