<?xml version="1.0" encoding="UTF-8"?>
<!-- Generated by org.testng.reporters.JUnitReportReporter -->
<testsuite hostname="Snehals-HP14S" failures="0" tests="7" name="practice_testNG.Parameter_InvocationCount" time="0.021" errors="0" timestamp="2024-10-15T17:48:19 IST" skipped="0">
  <testcase classname="practice_testNG.Parameter_InvocationCount" name="FirstName" time="0.002"/>
  <system-out/>
  <testcase classname="practice_testNG.Parameter_InvocationCount" name="MiddleName" time="0.001"/>
  <system-out/>
  <testcase classname="practice_testNG.Parameter_InvocationCount" name="CompleteName" time="0.002"/>
  <system-out/>
  <testcase classname="practice_testNG.Parameter_InvocationCount" name="CompleteName" time="0.004"/>
  <system-out/>
  <testcase classname="practice_testNG.Parameter_InvocationCount" name="CompleteName" time="0.009"/>
  <system-out/>
  <testcase classname="practice_testNG.Parameter_InvocationCount" name="FirstName" time="0.002"/>
  <system-out/>
  <testcase classname="practice_testNG.Parameter_InvocationCount" name="LastName" time="0.001"/>
  <system-out/>
</testsuite> <!-- practice_testNG.Parameter_InvocationCount -->
