<?xml version="1.0" encoding="UTF-8"?>
<!-- Generated by org.testng.reporters.JUnitReportReporter -->
<testsuite hostname="Snehals-HP14S" failures="0" tests="4" name="practice_testNG.Parameter_enabled" time="0.016" errors="0" timestamp="2024-10-15T18:07:35 IST" skipped="1">
  <testcase classname="practice_testNG.Parameter_enabled" name="def" time="0.003"/>
  <system-out/>
  <testcase classname="practice_testNG.Parameter_enabled" name="abc" time="0.011"/>
  <system-out/>
  <testcase classname="practice_testNG.Parameter_enabled" name="xyz" time="0.002"/>
  <system-out/>
  <testcase classname="practice_testNG.Parameter_enabled" name="ghi">
    <skipped/>
  </testcase> <!-- ghi -->
  <system-out/>
</testsuite> <!-- practice_testNG.Parameter_enabled -->
