<?xml version="1.0" encoding="UTF-8"?>
<!-- Generated by org.testng.reporters.JUnitReportReporter -->
<testsuite hostname="Snehals-HP14S" failures="0" tests="4" name="practice_testNG.Class_01" time="0.012" errors="0" timestamp="2024-10-15T13:58:43 IST" skipped="0">
  <testcase classname="practice_testNG.Class_01" name="EmpID" time="0.002"/>
  <system-out/>
  <testcase classname="practice_testNG.Class_01" name="EmpName" time="0.002"/>
  <system-out/>
  <testcase classname="practice_testNG.Class_01" name="EmpSalary" time="0.006"/>
  <system-out/>
  <testcase classname="practice_testNG.Class_01" name="EmployeeDetails" time="0.002"/>
  <system-out/>
</testsuite> <!-- practice_testNG.Class_01 -->
