<?xml version="1.0" encoding="UTF-8"?>
<!-- Generated by org.testng.reporters.JUnitReportReporter -->
<testsuite hostname="Snehals-HP14S" failures="0" tests="6" name="practice_testNG.Class_03" time="0.033" errors="0" timestamp="2024-10-15T13:58:43 IST" skipped="0">
  <testcase classname="practice_testNG.Class_03" name="BankName" time="0.003"/>
  <system-out/>
  <testcase classname="practice_testNG.Class_03" name="IFSCCode" time="0.002"/>
  <system-out/>
  <testcase classname="practice_testNG.Class_03" name="Branchcode" time="0.003"/>
  <system-out/>
  <testcase classname="practice_testNG.Class_03" name="ContactDetails" time="0.002"/>
  <system-out/>
  <testcase classname="practice_testNG.Class_03" name="MICRCode" time="0.012"/>
  <system-out/>
  <testcase classname="practice_testNG.Class_03" name="BankDetails" time="0.011"/>
  <system-out/>
</testsuite> <!-- practice_testNG.Class_03 -->
