<?xml version="1.0" encoding="UTF-8"?>
<!-- Generated by org.testng.reporters.JUnitReportReporter -->
<testsuite hostname="Snehals-HP14S" failures="0" tests="1" name="practice_testNG.Annotation_Hierarchy" time="0.012" errors="0" timestamp="2024-10-15T16:27:04 IST" skipped="0">
  <testcase classname="practice_testNG.Annotation_Hierarchy" name="Testlogic" time="0.012"/>
  <system-out/>
</testsuite> <!-- practice_testNG.Annotation_Hierarchy -->
