<?xml version="1.0" encoding="UTF-8"?>
<!-- Generated by org.testng.reporters.JUnitReportReporter -->
<testsuite hostname="Snehals-HP14S" failures="0" tests="5" name="practice_testNG.Multiple_Parameter" time="0.017" errors="0" timestamp="2024-10-15T18:42:08 IST" skipped="1">
  <testcase classname="practice_testNG.Multiple_Parameter" name="ghi" time="0.010"/>
  <system-out/>
  <testcase classname="practice_testNG.Multiple_Parameter" name="ghi" time="0.003"/>
  <system-out/>
  <testcase classname="practice_testNG.Multiple_Parameter" name="abc" time="0.003"/>
  <system-out/>
  <testcase classname="practice_testNG.Multiple_Parameter" name="jkl" time="0.001"/>
  <system-out/>
  <testcase classname="practice_testNG.Multiple_Parameter" name="def">
    <skipped/>
  </testcase> <!-- def -->
  <system-out/>
</testsuite> <!-- practice_testNG.Multiple_Parameter -->
